demos/cast/buildout/intermediates/manifest_merge_blame_file/debug/manifest-merger-blame-debug-report.txt
1<?xml version="1.0" encoding="utf-8"?>
2<!--
3 Copyright (C) 2017 The Android Open Source Project
4
5     Licensed under the Apache License, Version 2.0 (the "License");
6     you may not use this file except in compliance with the License.
7     You may obtain a copy of the License at
8
9          http://www.apache.org/licenses/LICENSE-2.0
10
11     Unless required by applicable law or agreed to in writing, software
12     distributed under the License is distributed on an "AS IS" BASIS,
13     WITHOUT WARRANTIES OR CONDITIONS OF ANY KIND, either express or implied.
14     See the License for the specific language governing permissions and
15     limitations under the License.
16-->
17<manifest xmlns:android="http://schemas.android.com/apk/res/android"
18    package="com.google.android.exoplayer2.castdemo"
19    android:versionCode="2015000"
20    android:versionName="2.15.0" >
21
22    <uses-sdk
22-->src/main/AndroidManifest.xml:23:3-14
23        android:minSdkVersion="16"
23-->src/main/AndroidManifest.xml:23:3-14
24        android:targetSdkVersion="29" />
24-->src/main/AndroidManifest.xml:23:3-14
25
26    <uses-permission android:name="android.permission.INTERNET" />
26-->src/main/AndroidManifest.xml:19:3-64
26-->src/main/AndroidManifest.xml:19:20-62
27    <uses-permission android:name="android.permission.ACCESS_NETWORK_STATE" />
27-->src/main/AndroidManifest.xml:20:3-76
27-->src/main/AndroidManifest.xml:20:20-74
28    <uses-permission android:name="android.permission.FOREGROUND_SERVICE" />
28-->src/main/AndroidManifest.xml:21:3-74
28-->src/main/AndroidManifest.xml:21:20-72
29
30    <queries>
30-->[androidx.media:media:1.3.1] AndroidManifest.xml:24:5-28:15
31        <intent>
31-->[androidx.media:media:1.3.1] AndroidManifest.xml:25:9-27:18
32            <action android:name="android.media.browse.MediaBrowserService" />
32-->[androidx.media:media:1.3.1] AndroidManifest.xml:26:13-79
32-->[androidx.media:media:1.3.1] AndroidManifest.xml:26:21-76
33        </intent>
34    </queries>
35
36    <application
36-->src/main/AndroidManifest.xml:25:3-42:17
37        android:name="androidx.multidex.MultiDexApplication"
38        android:allowBackup="false"
38-->src/main/AndroidManifest.xml:26:32-59
39        android:appComponentFactory="androidx.core.app.CoreComponentFactory"
39-->[androidx.core:core:1.5.0] AndroidManifest.xml:24:18-86
40        android:debuggable="true"
41        android:icon="@mipmap/ic_launcher"
41-->src/main/AndroidManifest.xml:25:57-91
42        android:label="@string/application_name"
42-->src/main/AndroidManifest.xml:25:16-56
43        android:largeHeap="true" >
43-->src/main/AndroidManifest.xml:26:7-31
44        <meta-data
44-->src/main/AndroidManifest.xml:28:5-29:92
45            android:name="com.google.android.gms.cast.framework.OPTIONS_PROVIDER_CLASS_NAME"
45-->src/main/AndroidManifest.xml:28:16-96
46            android:value="com.google.android.exoplayer2.ext.cast.DefaultCastOptionsProvider" />
46-->src/main/AndroidManifest.xml:29:9-90
47
48        <activity
48-->src/main/AndroidManifest.xml:31:5-40:16
49            android:name="com.google.android.exoplayer2.castdemo.MainActivity"
49-->src/main/AndroidManifest.xml:31:15-43
50            android:configChanges="keyboard|keyboardHidden|orientation|screenSize|screenLayout|smallestScreenSize|uiMode"
50-->src/main/AndroidManifest.xml:32:9-118
51            android:exported="true"
51-->src/main/AndroidManifest.xml:35:9-32
52            android:label="@string/application_name"
52-->src/main/AndroidManifest.xml:33:40-80
53            android:launchMode="singleTop"
53-->src/main/AndroidManifest.xml:33:9-39
54            android:theme="@style/Theme.AppCompat" >
54-->src/main/AndroidManifest.xml:34:9-47
55            <intent-filter>
55-->src/main/AndroidManifest.xml:36:7-39:23
56                <action android:name="android.intent.action.MAIN" />
56-->src/main/AndroidManifest.xml:37:9-60
56-->src/main/AndroidManifest.xml:37:17-58
57
58                <category android:name="android.intent.category.LAUNCHER" />
58-->src/main/AndroidManifest.xml:38:9-68
58-->src/main/AndroidManifest.xml:38:19-66
59            </intent-filter>
60        </activity>
61
62        <receiver
62-->[com.google.android.gms:play-services-cast-framework:20.0.0] AndroidManifest.xml:13:9-15:40
63            android:name="com.google.android.gms.cast.framework.media.MediaIntentReceiver"
63-->[com.google.android.gms:play-services-cast-framework:20.0.0] AndroidManifest.xml:14:13-91
64            android:exported="false" />
64-->[com.google.android.gms:play-services-cast-framework:20.0.0] AndroidManifest.xml:15:13-37
65
66        <service
66-->[com.google.android.gms:play-services-cast-framework:20.0.0] AndroidManifest.xml:17:9-20:61
67            android:name="com.google.android.gms.cast.framework.media.MediaNotificationService"
67-->[com.google.android.gms:play-services-cast-framework:20.0.0] AndroidManifest.xml:18:13-96
68            android:exported="false"
68-->[com.google.android.gms:play-services-cast-framework:20.0.0] AndroidManifest.xml:19:13-37
69            android:foregroundServiceType="mediaPlayback" />
69-->[com.google.android.gms:play-services-cast-framework:20.0.0] AndroidManifest.xml:20:13-58
70        <service
70-->[com.google.android.gms:play-services-cast-framework:20.0.0] AndroidManifest.xml:21:9-23:40
71            android:name="com.google.android.gms.cast.framework.ReconnectionService"
71-->[com.google.android.gms:play-services-cast-framework:20.0.0] AndroidManifest.xml:22:13-85
72            android:exported="false" />
72-->[com.google.android.gms:play-services-cast-framework:20.0.0] AndroidManifest.xml:23:13-37
73
74        <activity
74-->[com.google.android.gms:play-services-base:17.5.0] AndroidManifest.xml:23:9-26:75
75            android:name="com.google.android.gms.common.api.GoogleApiActivity"
75-->[com.google.android.gms:play-services-base:17.5.0] AndroidManifest.xml:24:13-79
76            android:exported="false"
76-->[com.google.android.gms:play-services-base:17.5.0] AndroidManifest.xml:25:13-37
77            android:theme="@android:style/Theme.Translucent.NoTitleBar" />
77-->[com.google.android.gms:play-services-base:17.5.0] AndroidManifest.xml:26:13-72
78
79        <meta-data
79-->[com.google.android.gms:play-services-basement:17.5.0] AndroidManifest.xml:23:9-25:69
80            android:name="com.google.android.gms.version"
80-->[com.google.android.gms:play-services-basement:17.5.0] AndroidManifest.xml:24:13-58
81            android:value="@integer/google_play_services_version" />
81-->[com.google.android.gms:play-services-basement:17.5.0] AndroidManifest.xml:25:13-66
82
83        <service
83-->[com.google.android.datatransport:transport-backend-cct:2.3.3] AndroidManifest.xml:29:9-35:19
84            android:name="com.google.android.datatransport.runtime.backends.TransportBackendDiscovery"
84-->[com.google.android.datatransport:transport-backend-cct:2.3.3] AndroidManifest.xml:30:13-103
85            android:exported="false" >
85-->[com.google.android.datatransport:transport-backend-cct:2.3.3] AndroidManifest.xml:31:13-37
86            <meta-data
86-->[com.google.android.datatransport:transport-backend-cct:2.3.3] AndroidManifest.xml:32:13-34:39
87                android:name="backend:com.google.android.datatransport.cct.CctBackendFactory"
87-->[com.google.android.datatransport:transport-backend-cct:2.3.3] AndroidManifest.xml:33:17-94
88                android:value="cct" />
88-->[com.google.android.datatransport:transport-backend-cct:2.3.3] AndroidManifest.xml:34:17-36
89        </service>
90        <service
90-->[com.google.android.datatransport:transport-runtime:2.2.5] AndroidManifest.xml:26:9-30:19
91            android:name="com.google.android.datatransport.runtime.scheduling.jobscheduling.JobInfoSchedulerService"
91-->[com.google.android.datatransport:transport-runtime:2.2.5] AndroidManifest.xml:27:13-117
92            android:exported="false"
92-->[com.google.android.datatransport:transport-runtime:2.2.5] AndroidManifest.xml:28:13-37
93            android:permission="android.permission.BIND_JOB_SERVICE" >
93-->[com.google.android.datatransport:transport-runtime:2.2.5] AndroidManifest.xml:29:13-69
94        </service>
95
96        <receiver
96-->[com.google.android.datatransport:transport-runtime:2.2.5] AndroidManifest.xml:32:9-34:40
97            android:name="com.google.android.datatransport.runtime.scheduling.jobscheduling.AlarmManagerSchedulerBroadcastReceiver"
97-->[com.google.android.datatransport:transport-runtime:2.2.5] AndroidManifest.xml:33:13-132
98            android:exported="false" />
98-->[com.google.android.datatransport:transport-runtime:2.2.5] AndroidManifest.xml:34:13-37
99    </application>
100
101</manifest>